<?xml version="1.0" encoding="UTF-8"?>
<testsuite xmlns:xsi="http://www.w3.org/2001/XMLSchema-instance" xsi:noNamespaceSchemaLocation="https://maven.apache.org/surefire/maven-surefire-plugin/xsd/surefire-test-report-3.0.xsd" version="3.0" name="com.cognizant.spring_learn.SpringLearnApplicationTests" time="15.503" tests="1" errors="0" skipped="0" failures="0">
  <properties>
[...]
</properties>
  <testcase name="contextLoads" classname="com.cognizant.spring_learn.SpringLearnApplicationTests" time="5.399">
    <system-out><![CDATA[14:56:08.255 [main] INFO org.springframework.test.context.support.AnnotationConfigContextLoaderUtils -- Could not detect default configuration classes for test class [com.cognizant.spring_learn.SpringLearnApplicationTests]: SpringLearnApplicationTests does not declare any static, non-private, non-final, nested classes annotated with @Configuration.
14:56:08.840 [main] INFO org.springframework.boot.test.context.SpringBootTestContextBootstrapper -- Found @SpringBootConfiguration com.cognizant.spring_learn.SpringLearnApplication for test class com.cognizant.spring_learn.SpringLearnApplicationTests
14:56:09.468 [main] INFO org.springframework.boot.devtools.restart.RestartApplicationListener -- Restart disabled due to context in which it is running

  .   ____          _            __ _ _
 /\\ / ___'_ __ _ _(_)_ __  __ _ \ \ \ \
( ( )\___ | '_ | '_| | '_ \/ _` | \ \ \ \
 \\/  ___)| |_)| | | | | || (_| |  ) ) ) )
  '  |____| .__|_| |_|_| |_\__, | / / / /
 =========|_|==============|___/=/_/_/_/
 :: Spring Boot ::                (v3.1.5)

2025-07-13T14:56:10.642+05:30  INFO 13456 --- [           main] c.c.s.SpringLearnApplicationTests        : Starting SpringLearnApplicationTests using Java 21 with PID 13456 (started by vyshnavi in C:\Users\vyshnavi\OneDrive\Desktop\Cognizant\learning-program-solutions\Week4_Spring_REST using Spring Boot\spring-rest-handson\05_REST - Get country based on country code\code\spring-learn)
2025-07-13T14:56:10.645+05:30 DEBUG 13456 --- [           main] c.c.s.SpringLearnApplicationTests        : Running with Spring Boot v3.1.5, Spring v6.0.13
2025-07-13T14:56:10.646+05:30  INFO 13456 --- [           main] c.c.s.SpringLearnApplicationTests        : No active profile set, falling back to 1 default profile: "default"
2025-07-13T14:56:17.127+05:30  INFO 13456 --- [           main] c.c.s.SpringLearnApplicationTests        : Started SpringLearnApplicationTests in 7.745 seconds (process running for 12.715)
]]></system-out>
    <system-err><![CDATA[SLF4J: Class path contains multiple SLF4J providers.
SLF4J: Found provider [ch.qos.logback.classic.spi.LogbackServiceProvider@1bb5a082]
SLF4J: Found provider [org.slf4j.simple.SimpleServiceProvider@78691363]
SLF4J: See https://www.slf4j.org/codes.html#multiple_bindings for an explanation.
SLF4J: Actual provider is of type [ch.qos.logback.classic.spi.LogbackServiceProvider@1bb5a082]
WARNING: A Java agent has been loaded dynamically (C:\Users\vyshnavi\.m2\repository\net\bytebuddy\byte-buddy-agent\1.14.9\byte-buddy-agent-1.14.9.jar)
WARNING: If a serviceability tool is in use, please run with -XX:+EnableDynamicAgentLoading to hide this warning
WARNING: If a serviceability tool is not in use, please run with -Djdk.instrument.traceUsage for more information
WARNING: Dynamic loading of agents will be disallowed by default in a future release
]]></system-err>
  </testcase>
</testsuite>